0 info it worked if it ends with ok
1 verbose cli [ '/usr/local/bin/node', '/usr/local/bin/npm', 'start' ]
2 info using npm@1.4.6
3 info using node@v0.11.13-pre
4 error Failed to parse json
4 error Unexpected token }
5 error File: /home/yyc/P/paadmin/package.json
6 error Failed to parse package.json data.
6 error package.json must be actual JSON, not just JavaScript.
6 error
6 error This is not a bug in npm.
6 error Tell the package author to fix their package.json file. JSON.parse
7 error System Linux 3.11.0-19-generic
8 error command "/usr/local/bin/node" "/usr/local/bin/npm" "start"
9 error cwd /home/yyc/P/paadmin
10 error node -v v0.11.13-pre
11 error npm -v 1.4.6
12 error file /home/yyc/P/paadmin/package.json
13 error code EJSONPARSE
14 verbose exit [ 1, true ]
